<?xml version="1.0" encoding="UTF-8" ?>
<testsuite tests="4" failures="0" name="CreateOrderTest" time="4.613" errors="0" skipped="0">
  <properties>
[...]
</properties>
  <testcase classname="CreateOrderTest" name="orderCanBeCreated[0]" time="1.193"/>
  <testcase classname="CreateOrderTest" name="orderCanBeCreated[1]" time="1.167"/>
  <testcase classname="CreateOrderTest" name="orderCanBeCreated[2]" time="1.125"/>
  <testcase classname="CreateOrderTest" name="orderCanBeCreated[3]" time="1.128"/>
</testsuite>